
*** Running vivado
    with args -log alchitry_top.vds -m64 -product Vivado -mode batch -messageDb vivado.pb -notrace -source alchitry_top.tcl



****** Vivado v2024.2 (64-bit)
  **** SW Build 5239630 on Fri Nov 08 22:35:27 MST 2024
  **** IP Build 5239520 on Sun Nov 10 16:12:51 MST 2024
  **** SharedData Build 5239561 on Fri Nov 08 14:39:27 MST 2024
  **** Start of session at: Tue Mar 18 17:12:01 2025
    ** Copyright 1986-2022 Xilinx, Inc. All Rights Reserved.
    ** Copyright 2022-2024 Advanced Micro Devices, Inc. All Rights Reserved.

source alchitry_top.tcl -notrace
Command: synth_design -top alchitry_top -part xc7a35tftg256-1
Starting synth_design
Attempting to get a license for feature 'Synthesis' and/or device 'xc7a35t'
INFO: [Common 17-349] Got license for feature 'Synthesis' and/or device 'xc7a35t'
INFO: [Device 21-403] Loading part xc7a35tftg256-1
INFO: [Synth 8-7079] Multithreading enabled for synth_design using a maximum of 2 processes.
INFO: [Synth 8-7078] Launching helper process for spawning children vivado processes
INFO: [Synth 8-7075] Helper process launched with PID 14532
---------------------------------------------------------------------------------
Starting RTL Elaboration : Time (s): cpu = 00:00:03 ; elapsed = 00:00:03 . Memory (MB): peak = 947.668 ; gain = 467.121
---------------------------------------------------------------------------------
ERROR: [Synth 8-35] 'R_4cca8f3b_i' is not a constant [C:/Users/jc050/Documents/SUTD/50.002/betaCPU/build/vivado/betaCPU.srcs/sources_1/imports/source/shift_unit.sv:123]
ERROR: [Synth 8-9960] range must be bounded by constant expressions [C:/Users/jc050/Documents/SUTD/50.002/betaCPU/build/vivado/betaCPU.srcs/sources_1/imports/source/shift_unit.sv:123]
ERROR: [Synth 8-35] 'R_4cca8f3b_i' is not a constant [C:/Users/jc050/Documents/SUTD/50.002/betaCPU/build/vivado/betaCPU.srcs/sources_1/imports/source/shift_unit.sv:123]
ERROR: [Synth 8-9960] range must be bounded by constant expressions [C:/Users/jc050/Documents/SUTD/50.002/betaCPU/build/vivado/betaCPU.srcs/sources_1/imports/source/shift_unit.sv:123]
ERROR: [Synth 8-35] 'R_4cca8f3b_i' is not a constant [C:/Users/jc050/Documents/SUTD/50.002/betaCPU/build/vivado/betaCPU.srcs/sources_1/imports/source/shift_unit.sv:124]
ERROR: [Synth 8-9960] range must be bounded by constant expressions [C:/Users/jc050/Documents/SUTD/50.002/betaCPU/build/vivado/betaCPU.srcs/sources_1/imports/source/shift_unit.sv:124]
ERROR: [Synth 8-35] 'R_4cca8f3b_i' is not a constant [C:/Users/jc050/Documents/SUTD/50.002/betaCPU/build/vivado/betaCPU.srcs/sources_1/imports/source/shift_unit.sv:124]
ERROR: [Synth 8-9960] range must be bounded by constant expressions [C:/Users/jc050/Documents/SUTD/50.002/betaCPU/build/vivado/betaCPU.srcs/sources_1/imports/source/shift_unit.sv:124]
ERROR: [Synth 8-35] 'R_4cca8f3b_i' is not a constant [C:/Users/jc050/Documents/SUTD/50.002/betaCPU/build/vivado/betaCPU.srcs/sources_1/imports/source/shift_unit.sv:125]
ERROR: [Synth 8-9960] range must be bounded by constant expressions [C:/Users/jc050/Documents/SUTD/50.002/betaCPU/build/vivado/betaCPU.srcs/sources_1/imports/source/shift_unit.sv:125]
ERROR: [Synth 8-35] 'R_4cca8f3b_i' is not a constant [C:/Users/jc050/Documents/SUTD/50.002/betaCPU/build/vivado/betaCPU.srcs/sources_1/imports/source/shift_unit.sv:125]
ERROR: [Synth 8-9960] range must be bounded by constant expressions [C:/Users/jc050/Documents/SUTD/50.002/betaCPU/build/vivado/betaCPU.srcs/sources_1/imports/source/shift_unit.sv:125]
INFO: [Synth 8-10285] module 'shift_unit' is ignored due to previous errors [C:/Users/jc050/Documents/SUTD/50.002/betaCPU/build/vivado/betaCPU.srcs/sources_1/imports/source/shift_unit.sv:156]
INFO: [Synth 8-9084] Verilog file 'C:/Users/jc050/Documents/SUTD/50.002/betaCPU/build/vivado/betaCPU.srcs/sources_1/imports/source/shift_unit.sv' ignored due to errors
ERROR: [Synth 8-12188] Failed to read verilog 'C:/Users/jc050/Documents/SUTD/50.002/betaCPU/build/vivado/betaCPU.srcs/sources_1/imports/source/shift_unit.sv'
---------------------------------------------------------------------------------
Finished RTL Elaboration : Time (s): cpu = 00:00:03 ; elapsed = 00:00:04 . Memory (MB): peak = 1045.848 ; gain = 565.301
---------------------------------------------------------------------------------
RTL Elaboration failed
INFO: [Common 17-83] Releasing license: Synthesis
8 Infos, 0 Warnings, 0 Critical Warnings and 14 Errors encountered.
synth_design failed
ERROR: [Common 17-69] Command failed: Synthesis failed - please see the console or run log file for details
INFO: [Common 17-206] Exiting Vivado at Tue Mar 18 17:12:18 2025...
