Copyright 1986-2022 Xilinx, Inc. All Rights Reserved. Copyright 2022-2024 Advanced Micro Devices, Inc. All Rights Reserved.
---------------------------------------------------------------------------------------------------------------------------------------------
| Tool Version : Vivado v.2024.2 (win64) Build 5239630 Fri Nov 08 22:35:27 MST 2024
| Date         : Wed Apr 16 09:02:09 2025
| Host         : ChisaTaki running 64-bit major release  (build 9200)
| Command      : report_drc -file alchitry_top_drc_routed.rpt -pb alchitry_top_drc_routed.pb -rpx alchitry_top_drc_routed.rpx
| Design       : alchitry_top
| Device       : xc7a35tftg256-1
| Speed File   : -1
| Design State : Fully Routed
---------------------------------------------------------------------------------------------------------------------------------------------

Report DRC

Table of Contents
-----------------
1. REPORT SUMMARY
2. REPORT DETAILS

1. REPORT SUMMARY
-----------------
            Netlist: netlist
          Floorplan: design_1
      Design limits: <entire design considered>
           Ruledeck: default
             Max checks: <unlimited>
             Checks found: 1
+--------+----------+------------------------------------------------+--------+
| Rule   | Severity | Description                                    | Checks |
+--------+----------+------------------------------------------------+--------+
| PLIO-3 | Warning  | Placement Constraints Check for IO constraints | 1      |
+--------+----------+------------------------------------------------+--------+

2. REPORT DETAILS
-----------------
PLIO-3#1 Warning
Placement Constraints Check for IO constraints  
Partially locked IO Bus is found. Following components of the IO Bus io_dip[0][7:0] are not locked:  io_dip[0][1]
Related violations: <none>


